<?xml version="1.0" encoding="UTF-8"?>
<testng-results skipped="0" failed="0" ignored="0" total="1" passed="1">
  <reporter-output>
  </reporter-output>
  <suite name="Default suite" duration-ms="36556" started-at="2020-11-25T19:11:52Z" finished-at="2020-11-25T19:12:29Z">
    <groups>
    </groups>
    <test name="Default test" duration-ms="36556" started-at="2020-11-25T19:11:52Z" finished-at="2020-11-25T19:12:29Z">
      <class name="com.eddiebauer.testcase.TC01_ClickHomePage">
        <test-method status="PASS" signature="preCondition()[pri:0, instance:com.eddiebauer.testcase.TC01_ClickHomePage@7d9d1a19]" name="preCondition" is-config="true" duration-ms="7632" started-at="2020-11-25T19:11:52Z" finished-at="2020-11-25T19:12:00Z">
          <reporter-output>
          </reporter-output>
        </test-method> <!-- preCondition -->
        <test-method status="PASS" signature="testClickViewAllOffers()[pri:0, instance:com.eddiebauer.testcase.TC01_ClickHomePage@7d9d1a19]" name="testClickViewAllOffers" duration-ms="28890" started-at="2020-11-25T19:12:00Z" finished-at="2020-11-25T19:12:29Z">
          <reporter-output>
          </reporter-output>
        </test-method> <!-- testClickViewAllOffers -->
        <test-method status="PASS" signature="postCondition()[pri:0, instance:com.eddiebauer.testcase.TC01_ClickHomePage@7d9d1a19]" name="postCondition" is-config="true" duration-ms="0" started-at="2020-11-25T19:12:29Z" finished-at="2020-11-25T19:12:29Z">
          <reporter-output>
          </reporter-output>
        </test-method> <!-- postCondition -->
      </class> <!-- com.eddiebauer.testcase.TC01_ClickHomePage -->
    </test> <!-- Default test -->
  </suite> <!-- Default suite -->
</testng-results>
